2018/01/19 09:36:38 [error] [exception.CException] exception 'CException' with message 'Chapter2Controller cannot find the requested view "BindView".' in C:\AppServ\www\topspinppy\framework\web\CController.php:878
Stack trace:
#0 C:\AppServ\www\topspinppy\framework\web\CController.php(782): CController->renderPartial('BindView', NULL, true)
#1 C:\AppServ\www\topspinppy\app\protected\controllers\Chapter2Controller.php(10): CController->render('BindView')
#2 C:\AppServ\www\topspinppy\framework\web\actions\CInlineAction.php(49): Chapter2Controller->actionBindView()
#3 C:\AppServ\www\topspinppy\framework\web\CController.php(308): CInlineAction->runWithParams(Array)
#4 C:\AppServ\www\topspinppy\framework\web\CController.php(286): CController->runAction(Object(CInlineAction))
#5 C:\AppServ\www\topspinppy\framework\web\CController.php(265): CController->runActionWithFilters(Object(CInlineAction), Array)
#6 C:\AppServ\www\topspinppy\framework\web\CWebApplication.php(282): CController->run('BindView')
#7 C:\AppServ\www\topspinppy\framework\web\CWebApplication.php(141): CWebApplication->runController('Chapter2/BindVi...')
#8 C:\AppServ\www\topspinppy\framework\base\CApplication.php(180): CWebApplication->processRequest()
#9 C:\AppServ\www\topspinppy\app\index.php(13): CApplication->run()
#10 {main}
REQUEST_URI=/topspinppy/app/index.php?r=Chapter2/BindView
---
2018/01/19 09:37:13 [error] [exception.CException] exception 'CException' with message 'Chapter2Controller cannot find the requested view "BindView".' in C:\AppServ\www\topspinppy\framework\web\CController.php:878
Stack trace:
#0 C:\AppServ\www\topspinppy\framework\web\CController.php(782): CController->renderPartial('BindView', NULL, true)
#1 C:\AppServ\www\topspinppy\app\protected\controllers\Chapter2Controller.php(10): CController->render('BindView')
#2 C:\AppServ\www\topspinppy\framework\web\actions\CInlineAction.php(49): Chapter2Controller->actionBindView()
#3 C:\AppServ\www\topspinppy\framework\web\CController.php(308): CInlineAction->runWithParams(Array)
#4 C:\AppServ\www\topspinppy\framework\web\CController.php(286): CController->runAction(Object(CInlineAction))
#5 C:\AppServ\www\topspinppy\framework\web\CController.php(265): CController->runActionWithFilters(Object(CInlineAction), Array)
#6 C:\AppServ\www\topspinppy\framework\web\CWebApplication.php(282): CController->run('BindView')
#7 C:\AppServ\www\topspinppy\framework\web\CWebApplication.php(141): CWebApplication->runController('Chapter2/BindVi...')
#8 C:\AppServ\www\topspinppy\framework\base\CApplication.php(180): CWebApplication->processRequest()
#9 C:\AppServ\www\topspinppy\app\index.php(13): CApplication->run()
#10 {main}
REQUEST_URI=/topspinppy/app/index.php?r=Chapter2/BindView
---
2018/01/19 09:37:17 [error] [exception.CHttpException.404] exception 'CHttpException' with message 'The system is unable to find the requested action "index".' in C:\AppServ\www\topspinppy\framework\web\CController.php:483
Stack trace:
#0 C:\AppServ\www\topspinppy\framework\web\CController.php(270): CController->missingAction('')
#1 C:\AppServ\www\topspinppy\framework\web\CWebApplication.php(282): CController->run('')
#2 C:\AppServ\www\topspinppy\framework\web\CWebApplication.php(141): CWebApplication->runController('Chapter2/')
#3 C:\AppServ\www\topspinppy\framework\base\CApplication.php(180): CWebApplication->processRequest()
#4 C:\AppServ\www\topspinppy\app\index.php(13): CApplication->run()
#5 {main}
REQUEST_URI=/topspinppy/app/index.php?r=Chapter2/
---
2018/01/19 09:37:22 [error] [exception.CException] exception 'CException' with message 'Chapter2Controller cannot find the requested view "BindView".' in C:\AppServ\www\topspinppy\framework\web\CController.php:878
Stack trace:
#0 C:\AppServ\www\topspinppy\framework\web\CController.php(782): CController->renderPartial('BindView', NULL, true)
#1 C:\AppServ\www\topspinppy\app\protected\controllers\Chapter2Controller.php(10): CController->render('BindView')
#2 C:\AppServ\www\topspinppy\framework\web\actions\CInlineAction.php(49): Chapter2Controller->actionBindView()
#3 C:\AppServ\www\topspinppy\framework\web\CController.php(308): CInlineAction->runWithParams(Array)
#4 C:\AppServ\www\topspinppy\framework\web\CController.php(286): CController->runAction(Object(CInlineAction))
#5 C:\AppServ\www\topspinppy\framework\web\CController.php(265): CController->runActionWithFilters(Object(CInlineAction), Array)
#6 C:\AppServ\www\topspinppy\framework\web\CWebApplication.php(282): CController->run('BindView')
#7 C:\AppServ\www\topspinppy\framework\web\CWebApplication.php(141): CWebApplication->runController('Chapter2/BindVi...')
#8 C:\AppServ\www\topspinppy\framework\base\CApplication.php(180): CWebApplication->processRequest()
#9 C:\AppServ\www\topspinppy\app\index.php(13): CApplication->run()
#10 {main}
REQUEST_URI=/topspinppy/app/index.php?r=Chapter2/BindView
---
2018/01/19 09:37:46 [error] [exception.CException] exception 'CException' with message 'Chapter2Controller cannot find the requested view "BindView".' in C:\AppServ\www\topspinppy\framework\web\CController.php:878
Stack trace:
#0 C:\AppServ\www\topspinppy\framework\web\CController.php(782): CController->renderPartial('BindView', NULL, true)
#1 C:\AppServ\www\topspinppy\app\protected\controllers\Chapter2Controller.php(10): CController->render('BindView')
#2 C:\AppServ\www\topspinppy\framework\web\actions\CInlineAction.php(49): Chapter2Controller->actionBindView()
#3 C:\AppServ\www\topspinppy\framework\web\CController.php(308): CInlineAction->runWithParams(Array)
#4 C:\AppServ\www\topspinppy\framework\web\CController.php(286): CController->runAction(Object(CInlineAction))
#5 C:\AppServ\www\topspinppy\framework\web\CController.php(265): CController->runActionWithFilters(Object(CInlineAction), Array)
#6 C:\AppServ\www\topspinppy\framework\web\CWebApplication.php(282): CController->run('BindView')
#7 C:\AppServ\www\topspinppy\framework\web\CWebApplication.php(141): CWebApplication->runController('Chapter2/BindVi...')
#8 C:\AppServ\www\topspinppy\framework\base\CApplication.php(180): CWebApplication->processRequest()
#9 C:\AppServ\www\topspinppy\app\index.php(13): CApplication->run()
#10 {main}
REQUEST_URI=/topspinppy/app/index.php?r=Chapter2/BindView
---
